
=== Sun Mar 10 12:14:05 2019

Packages were changed.
Update Mode: updateDependencies

The following packages were added:
  com.unity.collab-proxy@1.2.15
The following packages were updated:
  com.unity.analytics from version 2.0.16 to 3.2.2
  com.unity.package-manager-ui from version 1.9.11 to 2.0.3

=== Wed Jul 31 09:28:53 2019

Packages were changed.
Update Mode: updateDependencies

The following packages were added:
  com.unity.2d.tilemap@1.0.0
  com.unity.ext.nunit@1.0.0
  com.unity.test-framework@1.0.13
  com.unity.timeline@1.1.0
  com.unity.2d.sprite@1.0.0
  com.unity.ide.vscode@1.0.7
  com.unity.ide.rider@1.0.8
  com.unity.ugui@1.0.0
  com.unity.modules.androidjni@1.0.0
  com.unity.multiplayer-hlapi@1.0.2
  com.unity.xr.legacyinputhelpers@2.0.2
The following packages were updated:
  com.unity.collab-proxy from version 1.2.15 to 1.2.16
  com.unity.package-manager-ui from version 2.0.3 to 2.2.0
  com.unity.purchasing from version 2.0.3 to 2.0.6

=== Sat Dec 14 09:42:36 2019

Packages were changed.
Update Mode: updateDependencies

The following packages were updated:
  com.unity.ide.rider from version 1.0.8 to 1.1.0
  com.unity.ide.vscode from version 1.0.7 to 1.1.3

=== Sat Dec 26 11:37:24 2020

Packages were changed.
Update Mode: updateDependencies

The following packages were updated:
  com.unity.ext.nunit from version 1.0.0 to 1.0.5
  com.unity.ide.rider from version 1.1.0 to 1.1.4
  com.unity.ide.vscode from version 1.1.3 to 1.2.3
  com.unity.multiplayer-hlapi from version 1.0.2 to 1.0.6
  com.unity.purchasing from version 2.0.6 to 2.2.1
  com.unity.test-framework from version 1.0.13 to 1.1.19
  com.unity.timeline from version 1.1.0 to 1.2.6
  com.unity.xr.legacyinputhelpers from version 2.0.2 to 2.1.6
The following packages were removed:
  com.unity.package-manager-ui@2.2.0

=== Tue Feb  8 08:14:06 2022

Packages were changed.
Update Mode: updateDependencies

The following packages were added:
  com.unity.ide.visualstudio@2.0.12
The following packages were updated:
  com.unity.ide.vscode from version 1.2.3 to 1.2.4
  com.unity.test-framework from version 1.1.19 to 1.1.29
  com.unity.textmeshpro from version 2.1.4 to 3.0.6
  com.unity.xr.legacyinputhelpers from version 2.1.6 to 2.1.8
